# JRE version: Java(TM) SE Runtime Environment (21.0.4+8) (build 21.0.4+8-LTS-274)
# Java VM: Java HotSpot(TM) 64-Bit Server VM (21.0.4+8-LTS-274, mixed mode, sharing, tiered, compressed oops, compressed class ptrs, g1 gc, windows-amd64)
GC Precious Log:
 CardTable entry size: 512
 Card Set container configuration: InlinePtr #cards 4 size 8 Array Of Cards #cards 16 size 48 Howl #buckets 8 coarsen threshold 3686 Howl Bitmap #cards 512 size 80 coarsen threshold 460 Card regions per heap region 1 cards per card region 4096
 CPUs: 12 total, 12 available
 Memory: 14225M
 Large Page Support: Disabled
 NUMA Support: Disabled
 Compressed Oops: Enabled (Zero based)
 Heap Region Size: 2M
 Heap Min Capacity: 8M
 Heap Initial Capacity: 224M
 Heap Max Capacity: 3558M
 Pre-touch: Disabled
 Parallel Workers: 10
 Concurrent Workers: 3
 Concurrent Refinement Workers: 10
 Periodic GC: Disabled
Heap:
 garbage-first heap   total 92160K, used 55065K [0x0000000721a00000, 0x0000000800000000)
  region size 2048K, 9 young (18432K), 1 survivors (2048K)
 Metaspace       used 85736K, committed 86528K, reserved 1179648K
  class space    used 11474K, committed 11840K, reserved 1048576K
GC Heap History (20 events):
Event: 4.259 GC heap before
{Heap before GC invocations=6 (full 0):
 garbage-first heap   total 75776K, used 24834K [0x0000000721a00000, 0x0000000800000000)
  region size 2048K, 5 young (10240K), 2 survivors (4096K)
 Metaspace       used 35491K, committed 35968K, reserved 1114112K
  class space    used 4446K, committed 4672K, reserved 1048576K
}
Event: 4.261 GC heap after
{Heap after GC invocations=7 (full 0):
 garbage-first heap   total 75776K, used 20929K [0x0000000721a00000, 0x0000000800000000)
  region size 2048K, 2 young (4096K), 2 survivors (4096K)
 Metaspace       used 35491K, committed 35968K, reserved 1114112K
  class space    used 4446K, committed 4672K, reserved 1048576K
}
Event: 5.167 GC heap before
{Heap before GC invocations=8 (full 0):
 garbage-first heap   total 75776K, used 55745K [0x0000000721a00000, 0x0000000800000000)
  region size 2048K, 20 young (40960K), 2 survivors (4096K)
 Metaspace       used 47610K, committed 48192K, reserved 1114112K
  class space    used 6058K, committed 6336K, reserved 1048576K
}
Event: 5.171 GC heap after
{Heap after GC invocations=9 (full 0):
 garbage-first heap   total 75776K, used 24032K [0x0000000721a00000, 0x0000000800000000)
  region size 2048K, 3 young (6144K), 3 survivors (6144K)
 Metaspace       used 47610K, committed 48192K, reserved 1114112K
  class space    used 6058K, committed 6336K, reserved 1048576K
}
Event: 5.827 GC heap before
{Heap before GC invocations=9 (full 0):
 garbage-first heap   total 75776K, used 60896K [0x0000000721a00000, 0x0000000800000000)
  region size 2048K, 21 young (43008K), 3 survivors (6144K)
 Metaspace       used 58511K, committed 59136K, reserved 1114112K
  class space    used 7643K, committed 7936K, reserved 1048576K
}
Event: 5.832 GC heap after
{Heap after GC invocations=10 (full 0):
 garbage-first heap   total 75776K, used 26299K [0x0000000721a00000, 0x0000000800000000)
  region size 2048K, 2 young (4096K), 2 survivors (4096K)
 Metaspace       used 58511K, committed 59136K, reserved 1114112K
  class space    used 7643K, committed 7936K, reserved 1048576K
}
Event: 5.910 GC heap before
{Heap before GC invocations=10 (full 0):
 garbage-first heap   total 75776K, used 30395K [0x0000000721a00000, 0x0000000800000000)
  region size 2048K, 5 young (10240K), 2 survivors (4096K)
 Metaspace       used 59734K, committed 60288K, reserved 1114112K
  class space    used 7889K, committed 8128K, reserved 1048576K
}
Event: 5.912 GC heap after
{Heap after GC invocations=11 (full 0):
 garbage-first heap   total 75776K, used 26352K [0x0000000721a00000, 0x0000000800000000)
  region size 2048K, 2 young (4096K), 2 survivors (4096K)
 Metaspace       used 59734K, committed 60288K, reserved 1114112K
  class space    used 7889K, committed 8128K, reserved 1048576K
}
Event: 6.475 GC heap before
{Heap before GC invocations=12 (full 0):
 garbage-first heap   total 75776K, used 61168K [0x0000000721a00000, 0x0000000800000000)
  region size 2048K, 20 young (40960K), 2 survivors (4096K)
 Metaspace       used 66017K, committed 66752K, reserved 1114112K
  class space    used 8801K, committed 9152K, reserved 1048576K
}
Event: 6.479 GC heap after
{Heap after GC invocations=13 (full 0):
 garbage-first heap   total 92160K, used 28580K [0x0000000721a00000, 0x0000000800000000)
  region size 2048K, 3 young (6144K), 3 survivors (6144K)
 Metaspace       used 66017K, committed 66752K, reserved 1114112K
  class space    used 8801K, committed 9152K, reserved 1048576K
}
Event: 7.067 GC heap before
{Heap before GC invocations=13 (full 0):
 garbage-first heap   total 92160K, used 75684K [0x0000000721a00000, 0x0000000800000000)
  region size 2048K, 27 young (55296K), 3 survivors (6144K)
 Metaspace       used 71003K, committed 71680K, reserved 1114112K
  class space    used 9700K, committed 10048K, reserved 1048576K
}
Event: 7.072 GC heap after
{Heap after GC invocations=14 (full 0):
 garbage-first heap   total 92160K, used 31595K [0x0000000721a00000, 0x0000000800000000)
  region size 2048K, 4 young (8192K), 4 survivors (8192K)
 Metaspace       used 71003K, committed 71680K, reserved 1114112K
  class space    used 9700K, committed 10048K, reserved 1048576K
}
Event: 7.667 GC heap before
{Heap before GC invocations=14 (full 0):
 garbage-first heap   total 92160K, used 76651K [0x0000000721a00000, 0x0000000800000000)
  region size 2048K, 26 young (53248K), 4 survivors (8192K)
 Metaspace       used 74941K, committed 75712K, reserved 1179648K
  class space    used 10203K, committed 10560K, reserved 1048576K
}
Event: 7.672 GC heap after
{Heap after GC invocations=15 (full 0):
 garbage-first heap   total 92160K, used 35315K [0x0000000721a00000, 0x0000000800000000)
  region size 2048K, 4 young (8192K), 4 survivors (8192K)
 Metaspace       used 74941K, committed 75712K, reserved 1179648K
  class space    used 10203K, committed 10560K, reserved 1048576K
}
Event: 11.192 GC heap before
{Heap before GC invocations=15 (full 0):
 garbage-first heap   total 92160K, used 76275K [0x0000000721a00000, 0x0000000800000000)
  region size 2048K, 24 young (49152K), 4 survivors (8192K)
 Metaspace       used 81177K, committed 81920K, reserved 1179648K
  class space    used 11066K, committed 11392K, reserved 1048576K
}
Event: 11.197 GC heap after
{Heap after GC invocations=16 (full 0):
 garbage-first heap   total 92160K, used 39511K [0x0000000721a00000, 0x0000000800000000)
  region size 2048K, 3 young (6144K), 3 survivors (6144K)
 Metaspace       used 81177K, committed 81920K, reserved 1179648K
  class space    used 11066K, committed 11392K, reserved 1048576K
}
Event: 59.567 GC heap before
{Heap before GC invocations=16 (full 0):
 garbage-first heap   total 92160K, used 74327K [0x0000000721a00000, 0x0000000800000000)
  region size 2048K, 21 young (43008K), 3 survivors (6144K)
 Metaspace       used 85271K, committed 86080K, reserved 1179648K
  class space    used 11474K, committed 11840K, reserved 1048576K
}
Event: 59.571 GC heap after
{Heap after GC invocations=17 (full 0):
 garbage-first heap   total 92160K, used 40833K [0x0000000721a00000, 0x0000000800000000)
  region size 2048K, 1 young (2048K), 1 survivors (2048K)
 Metaspace       used 85271K, committed 86080K, reserved 1179648K
  class space    used 11474K, committed 11840K, reserved 1048576K
}
Event: 298.747 GC heap before
{Heap before GC invocations=17 (full 0):
 garbage-first heap   total 92160K, used 79745K [0x0000000721a00000, 0x0000000800000000)
  region size 2048K, 20 young (40960K), 1 survivors (2048K)
 Metaspace       used 85547K, committed 86336K, reserved 1179648K
  class space    used 11474K, committed 11840K, reserved 1048576K
}
Event: 298.749 GC heap after
{Heap after GC invocations=18 (full 0):
 garbage-first heap   total 92160K, used 40729K [0x0000000721a00000, 0x0000000800000000)
  region size 2048K, 1 young (2048K), 1 survivors (2048K)
 Metaspace       used 85547K, committed 86336K, reserved 1179648K
  class space    used 11474K, committed 11840K, reserved 1048576K
}

